Entered pfs_init
	Filepath is:/home/aditya/Aditya/CS 3210/Project3/CS3210Project3/backup/0
Done with addNode
	Mount from node is:/home/aditya/Aditya/CS 3210/Project3/CS3210Project3/backup/0
Size is:1
driveNum is:0
	Filepath is:/home/aditya/Aditya/CS 3210/Project3/CS3210Project3/backup/1
Done with addNode
	Mount from node is:/home/aditya/Aditya/CS 3210/Project3/CS3210Project3/backup/0
Size is:2
driveNum is:1
	Filepath is:/home/aditya/Aditya/CS 3210/Project3/CS3210Project3/backup/2
Done with addNode
	Mount from node is:/home/aditya/Aditya/CS 3210/Project3/CS3210Project3/backup/0
Size is:3
driveNum is:2
	Filepath is:/home/aditya/Aditya/CS 3210/Project3/CS3210Project3/backup/3
Done with addNode
	Mount from node is:/home/aditya/Aditya/CS 3210/Project3/CS3210Project3/backup/0
Size is:4
driveNum is:3
	Filepath is:/home/aditya/Aditya/CS 3210/Project3/CS3210Project3/backup/4
Done with addNode
	Mount from node is:/home/aditya/Aditya/CS 3210/Project3/CS3210Project3/backup/0
Size is:5
driveNum is:4
Entered pfs_opendir
Entered pfs_fullpath
    pfs_fullpath:  rootdir = "/home/aditya/Aditya/CS 3210/Project3/CS3210Project3/backup/master", path = "/", fpath = "/home/aditya/Aditya/CS 3210/Project3/CS3210Project3/backup/master/"
Entered pfs_getattr
Entered pfs_fullpath
    pfs_fullpath:  rootdir = "/home/aditya/Aditya/CS 3210/Project3/CS3210Project3/backup/master", path = "/.Trash", fpath = "/home/aditya/Aditya/CS 3210/Project3/CS3210Project3/backup/master/.Trash"
	ERROR pfs_getattr lstat: No such file or directory
Entered pfs_getattr
Entered pfs_fullpath
    pfs_fullpath:  rootdir = "/home/aditya/Aditya/CS 3210/Project3/CS3210Project3/backup/master", path = "/.xdg-volume-info", fpath = "/home/aditya/Aditya/CS 3210/Project3/CS3210Project3/backup/master/.xdg-volume-info"
	ERROR pfs_getattr lstat: No such file or directory
Entered pfs_getattr
Entered pfs_fullpath
    pfs_fullpath:  rootdir = "/home/aditya/Aditya/CS 3210/Project3/CS3210Project3/backup/master", path = "/autorun.inf", fpath = "/home/aditya/Aditya/CS 3210/Project3/CS3210Project3/backup/master/autorun.inf"
	ERROR pfs_getattr lstat: No such file or directory
Entered pfs_readdir
Entered pfs_getattr
Entered pfs_fullpath
    pfs_fullpath:  rootdir = "/home/aditya/Aditya/CS 3210/Project3/CS3210Project3/backup/master", path = "/.Trash-1000", fpath = "/home/aditya/Aditya/CS 3210/Project3/CS3210Project3/backup/master/.Trash-1000"
	ERROR pfs_getattr lstat: No such file or directory
Entered pfs_releasedir
Entered pfs_opendir
Entered pfs_fullpath
    pfs_fullpath:  rootdir = "/home/aditya/Aditya/CS 3210/Project3/CS3210Project3/backup/master", path = "/", fpath = "/home/aditya/Aditya/CS 3210/Project3/CS3210Project3/backup/master/"
Entered pfs_readdir
Entered pfs_releasedir
Entered pfs_opendir
Entered pfs_fullpath
    pfs_fullpath:  rootdir = "/home/aditya/Aditya/CS 3210/Project3/CS3210Project3/backup/master", path = "/", fpath = "/home/aditya/Aditya/CS 3210/Project3/CS3210Project3/backup/master/"
Entered pfs_readdir
Entered pfs_releasedir
Entered pfs_opendir
Entered pfs_fullpath
    pfs_fullpath:  rootdir = "/home/aditya/Aditya/CS 3210/Project3/CS3210Project3/backup/master", path = "/", fpath = "/home/aditya/Aditya/CS 3210/Project3/CS3210Project3/backup/master/"
Entered pfs_readdir
Entered pfs_releasedir
Entered pfs_opendir
Entered pfs_fullpath
    pfs_fullpath:  rootdir = "/home/aditya/Aditya/CS 3210/Project3/CS3210Project3/backup/master", path = "/", fpath = "/home/aditya/Aditya/CS 3210/Project3/CS3210Project3/backup/master/"
Entered pfs_readdir
Entered pfs_releasedir
Entered pfs_opendir
Entered pfs_fullpath
    pfs_fullpath:  rootdir = "/home/aditya/Aditya/CS 3210/Project3/CS3210Project3/backup/master", path = "/", fpath = "/home/aditya/Aditya/CS 3210/Project3/CS3210Project3/backup/master/"
Entered pfs_readdir
Entered pfs_releasedir
Entered pfs_opendir
Entered pfs_fullpath
    pfs_fullpath:  rootdir = "/home/aditya/Aditya/CS 3210/Project3/CS3210Project3/backup/master", path = "/", fpath = "/home/aditya/Aditya/CS 3210/Project3/CS3210Project3/backup/master/"
Entered pfs_readdir
Entered pfs_releasedir
Entered pfs_opendir
Entered pfs_fullpath
    pfs_fullpath:  rootdir = "/home/aditya/Aditya/CS 3210/Project3/CS3210Project3/backup/master", path = "/", fpath = "/home/aditya/Aditya/CS 3210/Project3/CS3210Project3/backup/master/"
Entered pfs_readdir
Entered pfs_releasedir
Entered pfs_opendir
Entered pfs_fullpath
    pfs_fullpath:  rootdir = "/home/aditya/Aditya/CS 3210/Project3/CS3210Project3/backup/master", path = "/", fpath = "/home/aditya/Aditya/CS 3210/Project3/CS3210Project3/backup/master/"
Entered pfs_readdir
Entered pfs_releasedir
Entered pfs_opendir
Entered pfs_fullpath
    pfs_fullpath:  rootdir = "/home/aditya/Aditya/CS 3210/Project3/CS3210Project3/backup/master", path = "/", fpath = "/home/aditya/Aditya/CS 3210/Project3/CS3210Project3/backup/master/"
Entered pfs_readdir
Entered pfs_releasedir
Entered pfs_opendir
Entered pfs_fullpath
    pfs_fullpath:  rootdir = "/home/aditya/Aditya/CS 3210/Project3/CS3210Project3/backup/master", path = "/", fpath = "/home/aditya/Aditya/CS 3210/Project3/CS3210Project3/backup/master/"
Entered pfs_readdir
Entered pfs_releasedir
Entered pfs_opendir
Entered pfs_fullpath
    pfs_fullpath:  rootdir = "/home/aditya/Aditya/CS 3210/Project3/CS3210Project3/backup/master", path = "/", fpath = "/home/aditya/Aditya/CS 3210/Project3/CS3210Project3/backup/master/"
Entered pfs_readdir
Entered pfs_releasedir
Entered pfs_opendir
Entered pfs_fullpath
    pfs_fullpath:  rootdir = "/home/aditya/Aditya/CS 3210/Project3/CS3210Project3/backup/master", path = "/", fpath = "/home/aditya/Aditya/CS 3210/Project3/CS3210Project3/backup/master/"
Entered pfs_readdir
Entered pfs_releasedir
Entered pfs_opendir
Entered pfs_fullpath
    pfs_fullpath:  rootdir = "/home/aditya/Aditya/CS 3210/Project3/CS3210Project3/backup/master", path = "/", fpath = "/home/aditya/Aditya/CS 3210/Project3/CS3210Project3/backup/master/"
Entered pfs_readdir
Entered pfs_releasedir
Entered pfs_opendir
Entered pfs_fullpath
    pfs_fullpath:  rootdir = "/home/aditya/Aditya/CS 3210/Project3/CS3210Project3/backup/master", path = "/", fpath = "/home/aditya/Aditya/CS 3210/Project3/CS3210Project3/backup/master/"
Entered pfs_readdir
Entered pfs_releasedir
Entered pfs_opendir
Entered pfs_fullpath
    pfs_fullpath:  rootdir = "/home/aditya/Aditya/CS 3210/Project3/CS3210Project3/backup/master", path = "/", fpath = "/home/aditya/Aditya/CS 3210/Project3/CS3210Project3/backup/master/"
Entered pfs_readdir
Entered pfs_releasedir
Entered pfs_opendir
Entered pfs_fullpath
    pfs_fullpath:  rootdir = "/home/aditya/Aditya/CS 3210/Project3/CS3210Project3/backup/master", path = "/", fpath = "/home/aditya/Aditya/CS 3210/Project3/CS3210Project3/backup/master/"
Entered pfs_readdir
Entered pfs_releasedir
Entered pfs_opendir
Entered pfs_fullpath
    pfs_fullpath:  rootdir = "/home/aditya/Aditya/CS 3210/Project3/CS3210Project3/backup/master", path = "/", fpath = "/home/aditya/Aditya/CS 3210/Project3/CS3210Project3/backup/master/"
Entered pfs_readdir
Entered pfs_releasedir
Entered pfs_opendir
Entered pfs_fullpath
    pfs_fullpath:  rootdir = "/home/aditya/Aditya/CS 3210/Project3/CS3210Project3/backup/master", path = "/", fpath = "/home/aditya/Aditya/CS 3210/Project3/CS3210Project3/backup/master/"
Entered pfs_readdir
Entered pfs_releasedir
Entered pfs_opendir
Entered pfs_fullpath
    pfs_fullpath:  rootdir = "/home/aditya/Aditya/CS 3210/Project3/CS3210Project3/backup/master", path = "/", fpath = "/home/aditya/Aditya/CS 3210/Project3/CS3210Project3/backup/master/"
Entered pfs_readdir
Entered pfs_releasedir
Entered pfs_opendir
Entered pfs_fullpath
    pfs_fullpath:  rootdir = "/home/aditya/Aditya/CS 3210/Project3/CS3210Project3/backup/master", path = "/", fpath = "/home/aditya/Aditya/CS 3210/Project3/CS3210Project3/backup/master/"
Entered pfs_readdir
Entered pfs_releasedir
Entered pfs_opendir
Entered pfs_fullpath
    pfs_fullpath:  rootdir = "/home/aditya/Aditya/CS 3210/Project3/CS3210Project3/backup/master", path = "/", fpath = "/home/aditya/Aditya/CS 3210/Project3/CS3210Project3/backup/master/"
Entered pfs_readdir
Entered pfs_releasedir
Entered pfs_getattr
Entered pfs_fullpath
    pfs_fullpath:  rootdir = "/home/aditya/Aditya/CS 3210/Project3/CS3210Project3/backup/master", path = "/autorun.inf", fpath = "/home/aditya/Aditya/CS 3210/Project3/CS3210Project3/backup/master/autorun.inf"
	ERROR pfs_getattr lstat: No such file or directory
Entered pfs_getattr
Entered pfs_fullpath
    pfs_fullpath:  rootdir = "/home/aditya/Aditya/CS 3210/Project3/CS3210Project3/backup/master", path = "/", fpath = "/home/aditya/Aditya/CS 3210/Project3/CS3210Project3/backup/master/"
Entered pfs_access
Entered pfs_fullpath
    pfs_fullpath:  rootdir = "/home/aditya/Aditya/CS 3210/Project3/CS3210Project3/backup/master", path = "/", fpath = "/home/aditya/Aditya/CS 3210/Project3/CS3210Project3/backup/master/"
Entered pfs_access
Entered pfs_fullpath
    pfs_fullpath:  rootdir = "/home/aditya/Aditya/CS 3210/Project3/CS3210Project3/backup/master", path = "/", fpath = "/home/aditya/Aditya/CS 3210/Project3/CS3210Project3/backup/master/"
Entered pfs_access
Entered pfs_fullpath
    pfs_fullpath:  rootdir = "/home/aditya/Aditya/CS 3210/Project3/CS3210Project3/backup/master", path = "/", fpath = "/home/aditya/Aditya/CS 3210/Project3/CS3210Project3/backup/master/"
Entered pfs_opendir
Entered pfs_fullpath
    pfs_fullpath:  rootdir = "/home/aditya/Aditya/CS 3210/Project3/CS3210Project3/backup/master", path = "/", fpath = "/home/aditya/Aditya/CS 3210/Project3/CS3210Project3/backup/master/"
Entered pfs_readdir
Entered pfs_releasedir
Entered pfs_getattr
Entered pfs_fullpath
    pfs_fullpath:  rootdir = "/home/aditya/Aditya/CS 3210/Project3/CS3210Project3/backup/master", path = "/asdf1234.png", fpath = "/home/aditya/Aditya/CS 3210/Project3/CS3210Project3/backup/master/asdf1234.png"
	ERROR pfs_getattr lstat: No such file or directory
Entered pfs_getattr
Entered pfs_fullpath
    pfs_fullpath:  rootdir = "/home/aditya/Aditya/CS 3210/Project3/CS3210Project3/backup/master", path = "/asdf1234.png", fpath = "/home/aditya/Aditya/CS 3210/Project3/CS3210Project3/backup/master/asdf1234.png"
	ERROR pfs_getattr lstat: No such file or directory
Entered pfs_getattr
Entered pfs_fullpath
    pfs_fullpath:  rootdir = "/home/aditya/Aditya/CS 3210/Project3/CS3210Project3/backup/master", path = "/asdf1234.png", fpath = "/home/aditya/Aditya/CS 3210/Project3/CS3210Project3/backup/master/asdf1234.png"
	ERROR pfs_getattr lstat: No such file or directory
Entered pfs_create
Entered pfs_fullpath
    pfs_fullpath:  rootdir = "/home/aditya/Aditya/CS 3210/Project3/CS3210Project3/backup/master", path = "/asdf1234.png", fpath = "/home/aditya/Aditya/CS 3210/Project3/CS3210Project3/backup/master/asdf1234.png"
Pusing image /home/aditya/Aditya/CS 3210/Project3/CS3210Project3/backup/master/asdf1234.png to database
Donen with insertImage
Done pushing image /home/aditya/Aditya/CS 3210/Project3/CS3210Project3/backup/master/asdf1234.png to database
Entered mapNameToDrives, path is: /asdf1234.png
Drive Num:0
Drives Written To:0
Trying to write to backup:0
Writing to /home/aditya/Aditya/CS 3210/Project3/CS3210Project3/backup/0/asdf1234.png
Successful write to:/home/aditya/Aditya/CS 3210/Project3/CS3210Project3/backup/0/asdf1234.png
fpath2:/home/aditya/Aditya/CS 3210/Project3/CS3210Project3/backup/0/asdf1234.png
Drives Written To:1
Trying to write to backup:1
Writing to /home/aditya/Aditya/CS 3210/Project3/CS3210Project3/backup/1/asdf1234.png
Successful write to:/home/aditya/Aditya/CS 3210/Project3/CS3210Project3/backup/1/asdf1234.png
fpath2:/home/aditya/Aditya/CS 3210/Project3/CS3210Project3/backup/1/asdf1234.png
Drives Written To:2
Trying to write to backup:2
Writing to /home/aditya/Aditya/CS 3210/Project3/CS3210Project3/backup/2/asdf1234.png
Successful write to:/home/aditya/Aditya/CS 3210/Project3/CS3210Project3/backup/2/asdf1234.png
fpath2:/home/aditya/Aditya/CS 3210/Project3/CS3210Project3/backup/2/asdf1234.png
Entered pfs_fgetattr
Entered pfs_write
Entered mapNameToDrives, path is: /asdf1234.png
Drive Num:0
Drives Written To:0
Trying to write to backup:0
Writing to /home/aditya/Aditya/CS 3210/Project3/CS3210Project3/backup/0/asdf1234.png
Successful write to:/home/aditya/Aditya/CS 3210/Project3/CS3210Project3/backup/0/asdf1234.png
fpath2:/home/aditya/Aditya/CS 3210/Project3/CS3210Project3/backup/0/asdf1234.png
Drives Written To:1
Trying to write to backup:1
Writing to /home/aditya/Aditya/CS 3210/Project3/CS3210Project3/backup/1/asdf1234.png
Successful write to:/home/aditya/Aditya/CS 3210/Project3/CS3210Project3/backup/1/asdf1234.png
fpath2:/home/aditya/Aditya/CS 3210/Project3/CS3210Project3/backup/1/asdf1234.png
Drives Written To:2
Trying to write to backup:2
Writing to /home/aditya/Aditya/CS 3210/Project3/CS3210Project3/backup/2/asdf1234.png
Successful write to:/home/aditya/Aditya/CS 3210/Project3/CS3210Project3/backup/2/asdf1234.png
fpath2:/home/aditya/Aditya/CS 3210/Project3/CS3210Project3/backup/2/asdf1234.png
Entered pfs_flush
Entered pfs_release
Entered pfs_getattr
Entered pfs_fullpath
    pfs_fullpath:  rootdir = "/home/aditya/Aditya/CS 3210/Project3/CS3210Project3/backup/master", path = "/", fpath = "/home/aditya/Aditya/CS 3210/Project3/CS3210Project3/backup/master/"
Entered pfs_getattr
Entered pfs_fullpath
    pfs_fullpath:  rootdir = "/home/aditya/Aditya/CS 3210/Project3/CS3210Project3/backup/master", path = "/", fpath = "/home/aditya/Aditya/CS 3210/Project3/CS3210Project3/backup/master/"
Entered pfs_opendir
Entered pfs_fullpath
    pfs_fullpath:  rootdir = "/home/aditya/Aditya/CS 3210/Project3/CS3210Project3/backup/master", path = "/", fpath = "/home/aditya/Aditya/CS 3210/Project3/CS3210Project3/backup/master/"
Entered pfs_readdir
Entered pfs_getattr
Entered pfs_fullpath
    pfs_fullpath:  rootdir = "/home/aditya/Aditya/CS 3210/Project3/CS3210Project3/backup/master", path = "/asdf1234.png", fpath = "/home/aditya/Aditya/CS 3210/Project3/CS3210Project3/backup/master/asdf1234.png"
Entered pfs_releasedir
Entered pfs_getattr
Entered pfs_fullpath
    pfs_fullpath:  rootdir = "/home/aditya/Aditya/CS 3210/Project3/CS3210Project3/backup/master", path = "/", fpath = "/home/aditya/Aditya/CS 3210/Project3/CS3210Project3/backup/master/"
Entered pfs_getattr
Entered pfs_fullpath
    pfs_fullpath:  rootdir = "/home/aditya/Aditya/CS 3210/Project3/CS3210Project3/backup/master", path = "/test", fpath = "/home/aditya/Aditya/CS 3210/Project3/CS3210Project3/backup/master/test"
	ERROR pfs_getattr lstat: No such file or directory
Entered pfs_mkdir
Making dir: /test
Entered pfs_fullpath
    pfs_fullpath:  rootdir = "/home/aditya/Aditya/CS 3210/Project3/CS3210Project3/backup/master", path = "/test", fpath = "/home/aditya/Aditya/CS 3210/Project3/CS3210Project3/backup/master/test"
Entered mapNameToDrives, path is: /test
Drive Num:0
Drives Written To:0
Trying to write to backup:0
Writing to /home/aditya/Aditya/CS 3210/Project3/CS3210Project3/backup/0/test
Successful write to:/home/aditya/Aditya/CS 3210/Project3/CS3210Project3/backup/0/test
fpath2:/home/aditya/Aditya/CS 3210/Project3/CS3210Project3/backup/0/test
Drives Written To:1
Trying to write to backup:1
Writing to /home/aditya/Aditya/CS 3210/Project3/CS3210Project3/backup/1/test
Successful write to:/home/aditya/Aditya/CS 3210/Project3/CS3210Project3/backup/1/test
fpath2:/home/aditya/Aditya/CS 3210/Project3/CS3210Project3/backup/1/test
Drives Written To:2
Trying to write to backup:2
Writing to /home/aditya/Aditya/CS 3210/Project3/CS3210Project3/backup/2/test
Successful write to:/home/aditya/Aditya/CS 3210/Project3/CS3210Project3/backup/2/test
fpath2:/home/aditya/Aditya/CS 3210/Project3/CS3210Project3/backup/2/test
Entered pfs_getattr
Entered pfs_fullpath
    pfs_fullpath:  rootdir = "/home/aditya/Aditya/CS 3210/Project3/CS3210Project3/backup/master", path = "/test", fpath = "/home/aditya/Aditya/CS 3210/Project3/CS3210Project3/backup/master/test"
Entered pfs_getattr
Entered pfs_fullpath
    pfs_fullpath:  rootdir = "/home/aditya/Aditya/CS 3210/Project3/CS3210Project3/backup/master", path = "/", fpath = "/home/aditya/Aditya/CS 3210/Project3/CS3210Project3/backup/master/"
Entered pfs_opendir
Entered pfs_fullpath
    pfs_fullpath:  rootdir = "/home/aditya/Aditya/CS 3210/Project3/CS3210Project3/backup/master", path = "/", fpath = "/home/aditya/Aditya/CS 3210/Project3/CS3210Project3/backup/master/"
Entered pfs_readdir
Entered pfs_getattr
Entered pfs_fullpath
    pfs_fullpath:  rootdir = "/home/aditya/Aditya/CS 3210/Project3/CS3210Project3/backup/master", path = "/asdf1234.png", fpath = "/home/aditya/Aditya/CS 3210/Project3/CS3210Project3/backup/master/asdf1234.png"
Entered pfs_getattr
Entered pfs_fullpath
    pfs_fullpath:  rootdir = "/home/aditya/Aditya/CS 3210/Project3/CS3210Project3/backup/master", path = "/test", fpath = "/home/aditya/Aditya/CS 3210/Project3/CS3210Project3/backup/master/test"
Entered pfs_releasedir
Entered pfs_getattr
Entered pfs_fullpath
    pfs_fullpath:  rootdir = "/home/aditya/Aditya/CS 3210/Project3/CS3210Project3/backup/master", path = "/", fpath = "/home/aditya/Aditya/CS 3210/Project3/CS3210Project3/backup/master/"
Entered pfs_getattr
Entered pfs_fullpath
    pfs_fullpath:  rootdir = "/home/aditya/Aditya/CS 3210/Project3/CS3210Project3/backup/master", path = "/test", fpath = "/home/aditya/Aditya/CS 3210/Project3/CS3210Project3/backup/master/test"
Entered pfs_rmdir
Entered pfs_fullpath
    pfs_fullpath:  rootdir = "/home/aditya/Aditya/CS 3210/Project3/CS3210Project3/backup/master", path = "/test", fpath = "/home/aditya/Aditya/CS 3210/Project3/CS3210Project3/backup/master/test"
Entered mapNameToDrives, path is: /test
Drive Num:0
Drives Written To:0
Trying to write to backup:0
Writing to /home/aditya/Aditya/CS 3210/Project3/CS3210Project3/backup/0/test
Successful write to:/home/aditya/Aditya/CS 3210/Project3/CS3210Project3/backup/0/test
fpath2:/home/aditya/Aditya/CS 3210/Project3/CS3210Project3/backup/0/test
Drives Written To:1
Trying to write to backup:1
Writing to /home/aditya/Aditya/CS 3210/Project3/CS3210Project3/backup/1/test
Successful write to:/home/aditya/Aditya/CS 3210/Project3/CS3210Project3/backup/1/test
fpath2:/home/aditya/Aditya/CS 3210/Project3/CS3210Project3/backup/1/test
Drives Written To:2
Trying to write to backup:2
Writing to /home/aditya/Aditya/CS 3210/Project3/CS3210Project3/backup/2/test
Successful write to:/home/aditya/Aditya/CS 3210/Project3/CS3210Project3/backup/2/test
fpath2:/home/aditya/Aditya/CS 3210/Project3/CS3210Project3/backup/2/test
Entered pfs_getattr
Entered pfs_fullpath
    pfs_fullpath:  rootdir = "/home/aditya/Aditya/CS 3210/Project3/CS3210Project3/backup/master", path = "/", fpath = "/home/aditya/Aditya/CS 3210/Project3/CS3210Project3/backup/master/"
Entered pfs_opendir
Entered pfs_fullpath
    pfs_fullpath:  rootdir = "/home/aditya/Aditya/CS 3210/Project3/CS3210Project3/backup/master", path = "/", fpath = "/home/aditya/Aditya/CS 3210/Project3/CS3210Project3/backup/master/"
Entered pfs_readdir
Entered pfs_getattr
Entered pfs_fullpath
    pfs_fullpath:  rootdir = "/home/aditya/Aditya/CS 3210/Project3/CS3210Project3/backup/master", path = "/asdf1234.png", fpath = "/home/aditya/Aditya/CS 3210/Project3/CS3210Project3/backup/master/asdf1234.png"
Entered pfs_releasedir
Entered pfs_getattr
Entered pfs_fullpath
    pfs_fullpath:  rootdir = "/home/aditya/Aditya/CS 3210/Project3/CS3210Project3/backup/master", path = "/", fpath = "/home/aditya/Aditya/CS 3210/Project3/CS3210Project3/backup/master/"
Entered pfs_getattr
Entered pfs_fullpath
    pfs_fullpath:  rootdir = "/home/aditya/Aditya/CS 3210/Project3/CS3210Project3/backup/master", path = "/", fpath = "/home/aditya/Aditya/CS 3210/Project3/CS3210Project3/backup/master/"
Entered pfs_opendir
Entered pfs_fullpath
    pfs_fullpath:  rootdir = "/home/aditya/Aditya/CS 3210/Project3/CS3210Project3/backup/master", path = "/", fpath = "/home/aditya/Aditya/CS 3210/Project3/CS3210Project3/backup/master/"
Entered pfs_readdir
Entered pfs_releasedir
Entered pfs_getattr
Entered pfs_fullpath
    pfs_fullpath:  rootdir = "/home/aditya/Aditya/CS 3210/Project3/CS3210Project3/backup/master", path = "/asdf1234.png", fpath = "/home/aditya/Aditya/CS 3210/Project3/CS3210Project3/backup/master/asdf1234.png"
Entered pfs_getattr
Entered pfs_fullpath
    pfs_fullpath:  rootdir = "/home/aditya/Aditya/CS 3210/Project3/CS3210Project3/backup/master", path = "/", fpath = "/home/aditya/Aditya/CS 3210/Project3/CS3210Project3/backup/master/"
Entered pfs_opendir
Entered pfs_fullpath
    pfs_fullpath:  rootdir = "/home/aditya/Aditya/CS 3210/Project3/CS3210Project3/backup/master", path = "/", fpath = "/home/aditya/Aditya/CS 3210/Project3/CS3210Project3/backup/master/"
Entered pfs_readdir
Entered pfs_releasedir
Entered pfs_getattr
Entered pfs_fullpath
    pfs_fullpath:  rootdir = "/home/aditya/Aditya/CS 3210/Project3/CS3210Project3/backup/master", path = "/", fpath = "/home/aditya/Aditya/CS 3210/Project3/CS3210Project3/backup/master/"
Entered pfs_unlink
Entered pfs_fullpath
    pfs_fullpath:  rootdir = "/home/aditya/Aditya/CS 3210/Project3/CS3210Project3/backup/master", path = "/asdf1234.png", fpath = "/home/aditya/Aditya/CS 3210/Project3/CS3210Project3/backup/master/asdf1234.png"
Deleting image /home/aditya/Aditya/CS 3210/Project3/CS3210Project3/backup/master/asdf1234.png from database
ERROR IN PUSHING TO DATABASE - deleteImage
Done deleting image /home/aditya/Aditya/CS 3210/Project3/CS3210Project3/backup/master/asdf1234.png from database
Entered mapNameToDrives, path is: /asdf1234.png
Drive Num:0
Drives Written To:0
Trying to write to backup:0
Writing to /home/aditya/Aditya/CS 3210/Project3/CS3210Project3/backup/0/asdf1234.png
Successful write to:/home/aditya/Aditya/CS 3210/Project3/CS3210Project3/backup/0/asdf1234.png
fpath2:/home/aditya/Aditya/CS 3210/Project3/CS3210Project3/backup/0/asdf1234.png
Drives Written To:1
Trying to write to backup:1
Writing to /home/aditya/Aditya/CS 3210/Project3/CS3210Project3/backup/1/asdf1234.png
Successful write to:/home/aditya/Aditya/CS 3210/Project3/CS3210Project3/backup/1/asdf1234.png
fpath2:/home/aditya/Aditya/CS 3210/Project3/CS3210Project3/backup/1/asdf1234.png
Drives Written To:2
Trying to write to backup:2
Writing to /home/aditya/Aditya/CS 3210/Project3/CS3210Project3/backup/2/asdf1234.png
Successful write to:/home/aditya/Aditya/CS 3210/Project3/CS3210Project3/backup/2/asdf1234.png
fpath2:/home/aditya/Aditya/CS 3210/Project3/CS3210Project3/backup/2/asdf1234.png
Entered pfs_getattr
Entered pfs_fullpath
    pfs_fullpath:  rootdir = "/home/aditya/Aditya/CS 3210/Project3/CS3210Project3/backup/master", path = "/", fpath = "/home/aditya/Aditya/CS 3210/Project3/CS3210Project3/backup/master/"
Entered pfs_opendir
Entered pfs_fullpath
    pfs_fullpath:  rootdir = "/home/aditya/Aditya/CS 3210/Project3/CS3210Project3/backup/master", path = "/", fpath = "/home/aditya/Aditya/CS 3210/Project3/CS3210Project3/backup/master/"
Entered pfs_readdir
Entered pfs_releasedir
